<?xml version="1.0" encoding="UTF-8"?>
<testng-results total="1" passed="1" failed="0" skipped="0">
  <reporter-output>
  </reporter-output>
  <suite started-at="2022-07-31T19:03:49Z" name="Default suite" finished-at="2022-07-31T19:04:43Z" duration-ms="53537">
    <groups>
    </groups>
    <test started-at="2022-07-31T19:03:49Z" name="Default test" finished-at="2022-07-31T19:04:43Z" duration-ms="53537">
      <class name="com.emailAutomation.BrowserStack">
        <test-method is-config="true" signature="beforemethod()[pri:0, instance:com.emailAutomation.BrowserStack@545b995e]" started-at="2022-08-01T00:33:49Z" name="beforemethod" finished-at="2022-08-01T00:33:57Z" duration-ms="7491" status="PASS">
          <reporter-output>
          </reporter-output>
        </test-method> <!-- beforemethod -->
        <test-method signature="flipkart()[pri:0, instance:com.emailAutomation.BrowserStack@545b995e]" started-at="2022-08-01T00:33:57Z" name="flipkart" finished-at="2022-08-01T00:34:42Z" duration-ms="45103" status="PASS">
          <reporter-output>
          </reporter-output>
        </test-method> <!-- flipkart -->
        <test-method is-config="true" signature="teardown()[pri:0, instance:com.emailAutomation.BrowserStack@545b995e]" started-at="2022-08-01T00:34:42Z" name="teardown" finished-at="2022-08-01T00:34:43Z" duration-ms="923" status="PASS">
          <reporter-output>
          </reporter-output>
        </test-method> <!-- teardown -->
      </class> <!-- com.emailAutomation.BrowserStack -->
    </test> <!-- Default test -->
  </suite> <!-- Default suite -->
</testng-results>
